<?xml version="1.0" encoding="UTF-8"?>
<!-- Generated by org.testng.reporters.JUnitXMLReporter -->
<testsuite ignored="0" hostname="vivobook-asuslaptop-x512flc-x512fl" failures="0" tests="3" name="Default test" time="153.766" errors="0" timestamp="2024-01-29T14:42:46 IST">
  <testcase classname="com.test.Analytics_Code.Testing" name="launch" time="131.418"/>
  <testcase classname="com.test.Analytics_Code.Testing" name="analytics" time="10.123"/>
  <testcase classname="com.test.Analytics_Code.Testing" name="code" time="10.037"/>
</testsuite> <!-- Default test -->
