<?xml version="1.0" encoding="UTF-8"?>
<!-- Generated by org.testng.reporters.JUnitXMLReporter -->
<testsuite ignored="0" hostname="vivobook-asuslaptop-x512flc-x512fl" failures="0" tests="3" name="Default test" time="31.611" errors="0" timestamp="2024-02-14T15:28:20 IST">
  <testcase classname="com.test.Analytics_Code.Code4humanity" name="launch" time="5.402"/>
  <testcase classname="com.test.Analytics_Code.Code4humanity" name="login" time="18.516"/>
  <testcase classname="com.test.Analytics_Code.Code4humanity" name="code" time="6.136"/>
</testsuite> <!-- Default test -->
