<?xml version="1.0" encoding="UTF-8"?>
<testng-results ignored="0" total="3" passed="3" failed="0" skipped="0">
  <reporter-output>
  </reporter-output>
  <suite started-at="2024-01-29T14:40:12 IST" name="Default suite" finished-at="2024-01-29T14:42:46 IST" duration-ms="153766">
    <groups>
    </groups>
    <test started-at="2024-01-29T14:40:12 IST" name="Default test" finished-at="2024-01-29T14:42:46 IST" duration-ms="153766">
      <class name="com.test.Analytics_Code.Testing">
        <test-method is-config="true" signature="setup()[pri:0, instance:com.test.Analytics_Code.Testing@1da2cb77]" started-at="2024-01-29T14:40:12 IST" name="setup" finished-at="2024-01-29T14:40:14 IST" duration-ms="2042" status="PASS">
          <reporter-output>
          </reporter-output>
        </test-method> <!-- setup -->
        <test-method signature="launch()[pri:1, instance:com.test.Analytics_Code.Testing@1da2cb77]" started-at="2024-01-29T14:40:14 IST" name="launch" finished-at="2024-01-29T14:42:25 IST" duration-ms="131418" status="PASS">
          <reporter-output>
          </reporter-output>
        </test-method> <!-- launch -->
        <test-method signature="analytics()[pri:2, instance:com.test.Analytics_Code.Testing@1da2cb77]" started-at="2024-01-29T14:42:25 IST" name="analytics" finished-at="2024-01-29T14:42:35 IST" duration-ms="10123" status="PASS">
          <reporter-output>
          </reporter-output>
        </test-method> <!-- analytics -->
        <test-method signature="code()[pri:2, instance:com.test.Analytics_Code.Testing@1da2cb77]" started-at="2024-01-29T14:42:35 IST" name="code" finished-at="2024-01-29T14:42:45 IST" duration-ms="10037" status="PASS">
          <reporter-output>
          </reporter-output>
        </test-method> <!-- code -->
        <test-method is-config="true" signature="close()[pri:0, instance:com.test.Analytics_Code.Testing@1da2cb77]" started-at="2024-01-29T14:42:45 IST" name="close" finished-at="2024-01-29T14:42:46 IST" duration-ms="103" status="PASS">
          <reporter-output>
          </reporter-output>
        </test-method> <!-- close -->
      </class> <!-- com.test.Analytics_Code.Testing -->
    </test> <!-- Default test -->
  </suite> <!-- Default suite -->
</testng-results>
