<?xml version="1.0" encoding="UTF-8"?>
<testng-results ignored="0" total="3" passed="3" failed="0" skipped="0">
  <reporter-output>
  </reporter-output>
  <suite started-at="2024-02-14T15:27:48 IST" name="Default suite" finished-at="2024-02-14T15:28:20 IST" duration-ms="31611">
    <groups>
    </groups>
    <test started-at="2024-02-14T15:27:48 IST" name="Default test" finished-at="2024-02-14T15:28:20 IST" duration-ms="31611">
      <class name="com.test.Analytics_Code.Code4humanity">
        <test-method is-config="true" signature="setup()[pri:0, instance:com.test.Analytics_Code.Code4humanity@1da2cb77]" started-at="2024-02-14T15:27:48 IST" name="setup" finished-at="2024-02-14T15:27:50 IST" duration-ms="1397" status="PASS">
          <reporter-output>
          </reporter-output>
        </test-method> <!-- setup -->
        <test-method signature="launch()[pri:1, instance:com.test.Analytics_Code.Code4humanity@1da2cb77]" started-at="2024-02-14T15:27:50 IST" name="launch" finished-at="2024-02-14T15:27:55 IST" duration-ms="5402" status="PASS">
          <reporter-output>
          </reporter-output>
        </test-method> <!-- launch -->
        <test-method signature="login()[pri:2, instance:com.test.Analytics_Code.Code4humanity@1da2cb77]" started-at="2024-02-14T15:27:55 IST" name="login" finished-at="2024-02-14T15:28:14 IST" duration-ms="18516" status="PASS">
          <reporter-output>
          </reporter-output>
        </test-method> <!-- login -->
        <test-method signature="code()[pri:3, instance:com.test.Analytics_Code.Code4humanity@1da2cb77]" started-at="2024-02-14T15:28:14 IST" name="code" finished-at="2024-02-14T15:28:20 IST" duration-ms="6136" status="PASS">
          <reporter-output>
          </reporter-output>
        </test-method> <!-- code -->
        <test-method is-config="true" signature="close()[pri:0, instance:com.test.Analytics_Code.Code4humanity@1da2cb77]" started-at="2024-02-14T15:28:20 IST" name="close" finished-at="2024-02-14T15:28:20 IST" duration-ms="130" status="PASS">
          <reporter-output>
          </reporter-output>
        </test-method> <!-- close -->
      </class> <!-- com.test.Analytics_Code.Code4humanity -->
    </test> <!-- Default test -->
  </suite> <!-- Default suite -->
</testng-results>
